[2026-03-03T17:34:21.590Z] POST /api/auth/register
[2026-03-03T17:34:56.422Z] POST /api/orders
[2026-03-03T17:36:00.645Z] POST /api/orders
[2026-03-03T17:42:53.013Z] POST /api/auth/register
[2026-03-03T17:43:37.279Z] POST /api/orders
[2026-03-03T17:48:42.557Z] POST /api/orders
[2026-03-03T17:52:05.178Z] POST /api/orders
[2026-03-03T17:52:06.730Z] POST /api/orders/verify
[2026-03-03T17:52:09.300Z] POST /api/orders
[2026-03-03T17:52:10.832Z] POST /api/orders/verify
[2026-03-03T17:52:12.105Z] POST /api/orders
[2026-03-03T17:52:13.632Z] POST /api/orders/verify
[2026-03-03T17:54:12.072Z] POST /api/auth/register
[2026-03-03T17:54:48.230Z] POST /api/orders
[2026-03-03T17:54:49.754Z] POST /api/orders/verify
[2026-03-03T17:54:55.682Z] POST /api/orders
[2026-03-03T17:54:57.203Z] POST /api/orders/verify
[2026-03-03T17:55:26.684Z] POST /api/orders
[2026-03-03T17:55:28.208Z] POST /api/orders/verify
[2026-03-03T18:00:06.998Z] POST /api/orders
[2026-03-03T18:00:08.537Z] POST /api/orders/verify
[2026-03-03T18:06:24.503Z] POST /api/orders
[2026-03-03T18:06:26.033Z] POST /api/orders/verify
[2026-03-03T18:07:46.973Z] POST /api/orders
[2026-03-03T18:07:48.504Z] POST /api/orders/verify
[2026-03-03T18:12:08.282Z] POST /api/orders
[2026-03-03T18:12:17.614Z] POST /api/orders
[2026-03-03T18:12:19.995Z] POST /api/orders
[2026-03-03T18:16:13.009Z] POST /api/orders
[2026-03-03T18:21:36.533Z] POST /api/orders
[2026-03-03T18:21:38.566Z] POST /api/orders/verify
[2026-03-03T18:27:04.658Z] POST /api/orders
[2026-03-03T18:30:02.235Z] POST /api/orders
[2026-03-04T00:22:50.540Z] POST /api/auth/register
[2026-03-04T00:23:00.362Z] POST /api/auth/register
[2026-03-04T00:23:37.985Z] POST /api/orders
[2026-03-04T00:24:29.271Z] POST /api/orders/verify
[2026-03-05T08:18:46.019Z] POST /api/orders
[2026-03-05T08:20:37.428Z] POST /api/orders/verify
[2026-03-05T08:23:51.052Z] POST /api/orders
[2026-03-05T08:25:25.143Z] POST /api/orders/verify
[2026-03-05T08:25:31.808Z] GET /api/orders/myorders
[2026-03-05T08:26:04.629Z] GET /api/orders/myorders
[2026-03-05T08:26:13.594Z] GET /api/orders/myorders
[2026-03-06T05:29:01.226Z] POST /api/auth/login
[2026-03-06T05:29:11.494Z] POST /api/auth/login
[2026-03-06T05:29:15.972Z] POST /api/auth/login
[2026-03-06T05:29:39.827Z] POST /api/auth/register
[2026-03-06T05:30:46.028Z] POST /api/auth/login
[2026-03-06T05:31:13.964Z] POST /api/auth/register
[2026-03-06T05:31:41.343Z] POST /api/auth/register
[2026-03-06T05:32:38.268Z] POST /api/orders
[2026-03-06T05:34:11.373Z] POST /api/orders/verify
[2026-03-06T05:36:02.863Z] POST /api/auth/register
[2026-03-06T05:36:46.239Z] POST /api/orders
[2026-03-06T05:38:12.752Z] POST /api/orders/verify
[2026-03-06T08:44:07.133Z] POST /api/orders
[2026-03-06T08:44:45.296Z] POST /api/orders/verify
